{"G:\\Documents\\Study\\vue-frontend\\src\\router\\index.ts": {"path":"G:\\Documents\\Study\\vue-frontend\\src\\router\\index.ts","statementMap":{"0":{"start":{"line":4,"column":6},"end":{"line":93,"column":null}},"1":{"start":{"line":10,"column":23},"end":{"line":10,"column":null}},"2":{"start":{"line":14,"column":23},"end":{"line":14,"column":null}},"3":{"start":{"line":23,"column":27},"end":{"line":23,"column":null}},"4":{"start":{"line":28,"column":27},"end":{"line":28,"column":null}},"5":{"start":{"line":33,"column":27},"end":{"line":33,"column":null}},"6":{"start":{"line":38,"column":27},"end":{"line":38,"column":null}},"7":{"start":{"line":43,"column":27},"end":{"line":43,"column":null}},"8":{"start":{"line":48,"column":27},"end":{"line":48,"column":null}},"9":{"start":{"line":53,"column":27},"end":{"line":53,"column":null}},"10":{"start":{"line":58,"column":27},"end":{"line":58,"column":null}},"11":{"start":{"line":63,"column":27},"end":{"line":63,"column":null}},"12":{"start":{"line":68,"column":27},"end":{"line":68,"column":null}},"13":{"start":{"line":73,"column":27},"end":{"line":73,"column":null}},"14":{"start":{"line":78,"column":27},"end":{"line":78,"column":null}},"15":{"start":{"line":83,"column":27},"end":{"line":83,"column":null}},"16":{"start":{"line":88,"column":27},"end":{"line":88,"column":null}},"17":{"start":{"line":95,"column":0},"end":{"line":112,"column":null}},"18":{"start":{"line":96,"column":8},"end":{"line":96,"column":null}},"19":{"start":{"line":97,"column":21},"end":{"line":97,"column":null}},"20":{"start":{"line":99,"column":2},"end":{"line":111,"column":null}},"21":{"start":{"line":100,"column":4},"end":{"line":104,"column":null}},"22":{"start":{"line":101,"column":6},"end":{"line":101,"column":null}},"23":{"start":{"line":103,"column":6},"end":{"line":103,"column":null}},"24":{"start":{"line":106,"column":4},"end":{"line":110,"column":null}},"25":{"start":{"line":107,"column":6},"end":{"line":107,"column":null}},"26":{"start":{"line":109,"column":6},"end":{"line":109,"column":null}}},"fnMap":{"0":{"name":"(anonymous_0)","decl":{"start":{"line":10,"column":6},"end":{"line":10,"column":23}},"loc":{"start":{"line":10,"column":23},"end":{"line":10,"column":null}},"line":10},"1":{"name":"(anonymous_1)","decl":{"start":{"line":14,"column":6},"end":{"line":14,"column":23}},"loc":{"start":{"line":14,"column":23},"end":{"line":14,"column":null}},"line":14},"2":{"name":"(anonymous_2)","decl":{"start":{"line":23,"column":10},"end":{"line":23,"column":27}},"loc":{"start":{"line":23,"column":27},"end":{"line":23,"column":null}},"line":23},"3":{"name":"(anonymous_3)","decl":{"start":{"line":28,"column":10},"end":{"line":28,"column":27}},"loc":{"start":{"line":28,"column":27},"end":{"line":28,"column":null}},"line":28},"4":{"name":"(anonymous_4)","decl":{"start":{"line":33,"column":10},"end":{"line":33,"column":27}},"loc":{"start":{"line":33,"column":27},"end":{"line":33,"column":null}},"line":33},"5":{"name":"(anonymous_5)","decl":{"start":{"line":38,"column":10},"end":{"line":38,"column":27}},"loc":{"start":{"line":38,"column":27},"end":{"line":38,"column":null}},"line":38},"6":{"name":"(anonymous_6)","decl":{"start":{"line":43,"column":10},"end":{"line":43,"column":27}},"loc":{"start":{"line":43,"column":27},"end":{"line":43,"column":null}},"line":43},"7":{"name":"(anonymous_7)","decl":{"start":{"line":48,"column":10},"end":{"line":48,"column":27}},"loc":{"start":{"line":48,"column":27},"end":{"line":48,"column":null}},"line":48},"8":{"name":"(anonymous_8)","decl":{"start":{"line":53,"column":10},"end":{"line":53,"column":27}},"loc":{"start":{"line":53,"column":27},"end":{"line":53,"column":null}},"line":53},"9":{"name":"(anonymous_9)","decl":{"start":{"line":58,"column":10},"end":{"line":58,"column":27}},"loc":{"start":{"line":58,"column":27},"end":{"line":58,"column":null}},"line":58},"10":{"name":"(anonymous_10)","decl":{"start":{"line":63,"column":10},"end":{"line":63,"column":27}},"loc":{"start":{"line":63,"column":27},"end":{"line":63,"column":null}},"line":63},"11":{"name":"(anonymous_11)","decl":{"start":{"line":68,"column":10},"end":{"line":68,"column":27}},"loc":{"start":{"line":68,"column":27},"end":{"line":68,"column":null}},"line":68},"12":{"name":"(anonymous_12)","decl":{"start":{"line":73,"column":10},"end":{"line":73,"column":27}},"loc":{"start":{"line":73,"column":27},"end":{"line":73,"column":null}},"line":73},"13":{"name":"(anonymous_13)","decl":{"start":{"line":78,"column":10},"end":{"line":78,"column":27}},"loc":{"start":{"line":78,"column":27},"end":{"line":78,"column":null}},"line":78},"14":{"name":"(anonymous_14)","decl":{"start":{"line":83,"column":10},"end":{"line":83,"column":27}},"loc":{"start":{"line":83,"column":27},"end":{"line":83,"column":null}},"line":83},"15":{"name":"(anonymous_15)","decl":{"start":{"line":88,"column":10},"end":{"line":88,"column":27}},"loc":{"start":{"line":88,"column":27},"end":{"line":88,"column":null}},"line":88},"16":{"name":"(anonymous_16)","decl":{"start":{"line":95,"column":7},"end":{"line":95,"column":19}},"loc":{"start":{"line":95,"column":38},"end":{"line":112,"column":1}},"line":95}},"branchMap":{"0":{"loc":{"start":{"line":99,"column":2},"end":{"line":111,"column":null}},"type":"if","locations":[{"start":{"line":99,"column":2},"end":{"line":111,"column":null}},{"start":{"line":105,"column":9},"end":{"line":111,"column":null}}],"line":99},"1":{"loc":{"start":{"line":100,"column":4},"end":{"line":104,"column":null}},"type":"if","locations":[{"start":{"line":100,"column":4},"end":{"line":104,"column":null}},{"start":{"line":102,"column":11},"end":{"line":104,"column":null}}],"line":100},"2":{"loc":{"start":{"line":106,"column":4},"end":{"line":110,"column":null}},"type":"if","locations":[{"start":{"line":106,"column":4},"end":{"line":110,"column":null}},{"start":{"line":108,"column":11},"end":{"line":110,"column":null}}],"line":106}},"s":{"0":1,"1":0,"2":0,"3":0,"4":0,"5":0,"6":0,"7":0,"8":0,"9":0,"10":0,"11":0,"12":0,"13":0,"14":0,"15":0,"16":0,"17":1,"18":4,"19":4,"20":4,"21":2,"22":1,"23":1,"24":2,"25":1,"26":1},"f":{"0":0,"1":0,"2":0,"3":0,"4":0,"5":0,"6":0,"7":0,"8":0,"9":0,"10":0,"11":0,"12":0,"13":0,"14":0,"15":0,"16":4},"b":{"0":[2,2],"1":[1,1],"2":[1,1]},"meta":{"lastBranch":3,"lastFunction":17,"lastStatement":27,"seen":{"s:4:6:93:Infinity":0,"f:10:6:10:23":0,"s:10:23:10:Infinity":1,"f:14:6:14:23":1,"s:14:23:14:Infinity":2,"f:23:10:23:27":2,"s:23:27:23:Infinity":3,"f:28:10:28:27":3,"s:28:27:28:Infinity":4,"f:33:10:33:27":4,"s:33:27:33:Infinity":5,"f:38:10:38:27":5,"s:38:27:38:Infinity":6,"f:43:10:43:27":6,"s:43:27:43:Infinity":7,"f:48:10:48:27":7,"s:48:27:48:Infinity":8,"f:53:10:53:27":8,"s:53:27:53:Infinity":9,"f:58:10:58:27":9,"s:58:27:58:Infinity":10,"f:63:10:63:27":10,"s:63:27:63:Infinity":11,"f:68:10:68:27":11,"s:68:27:68:Infinity":12,"f:73:10:73:27":12,"s:73:27:73:Infinity":13,"f:78:10:78:27":13,"s:78:27:78:Infinity":14,"f:83:10:83:27":14,"s:83:27:83:Infinity":15,"f:88:10:88:27":15,"s:88:27:88:Infinity":16,"s:95:0:112:Infinity":17,"f:95:7:95:19":16,"s:96:8:96:Infinity":18,"s:97:21:97:Infinity":19,"b:99:2:111:Infinity:105:9:111:Infinity":0,"s:99:2:111:Infinity":20,"b:100:4:104:Infinity:102:11:104:Infinity":1,"s:100:4:104:Infinity":21,"s:101:6:101:Infinity":22,"s:103:6:103:Infinity":23,"b:106:4:110:Infinity:108:11:110:Infinity":2,"s:106:4:110:Infinity":24,"s:107:6:107:Infinity":25,"s:109:6:109:Infinity":26},"fnNames":{}}}
,"G:\\Documents\\Study\\vue-frontend\\src\\stores\\auth.ts": {"path":"G:\\Documents\\Study\\vue-frontend\\src\\stores\\auth.ts","statementMap":{"0":{"start":{"line":5,"column":13},"end":{"line":70,"column":null}},"1":{"start":{"line":6,"column":8},"end":{"line":6,"column":null}},"2":{"start":{"line":7,"column":8},"end":{"line":7,"column":null}},"3":{"start":{"line":9,"column":8},"end":{"line":9,"column":null}},"4":{"start":{"line":9,"column":36},"end":{"line":9,"column":49}},"5":{"start":{"line":10,"column":8},"end":{"line":10,"column":null}},"6":{"start":{"line":10,"column":33},"end":{"line":10,"column":61}},"7":{"start":{"line":13,"column":19},"end":{"line":13,"column":null}},"8":{"start":{"line":14,"column":21},"end":{"line":14,"column":null}},"9":{"start":{"line":15,"column":4},"end":{"line":15,"column":null}},"10":{"start":{"line":16,"column":4},"end":{"line":16,"column":null}},"11":{"start":{"line":17,"column":4},"end":{"line":17,"column":null}},"12":{"start":{"line":18,"column":4},"end":{"line":18,"column":null}},"13":{"start":{"line":22,"column":21},"end":{"line":22,"column":null}},"14":{"start":{"line":23,"column":4},"end":{"line":23,"column":null}},"15":{"start":{"line":27,"column":4},"end":{"line":27,"column":null}},"16":{"start":{"line":27,"column":22},"end":{"line":27,"column":null}},"17":{"start":{"line":28,"column":4},"end":{"line":38,"column":null}},"18":{"start":{"line":29,"column":23},"end":{"line":29,"column":null}},"19":{"start":{"line":31,"column":6},"end":{"line":33,"column":null}},"20":{"start":{"line":32,"column":8},"end":{"line":32,"column":null}},"21":{"start":{"line":34,"column":6},"end":{"line":34,"column":null}},"22":{"start":{"line":42,"column":4},"end":{"line":42,"column":null}},"23":{"start":{"line":43,"column":4},"end":{"line":43,"column":null}},"24":{"start":{"line":44,"column":4},"end":{"line":44,"column":null}},"25":{"start":{"line":48,"column":21},"end":{"line":48,"column":null}},"26":{"start":{"line":49,"column":4},"end":{"line":49,"column":null}},"27":{"start":{"line":50,"column":4},"end":{"line":50,"column":null}},"28":{"start":{"line":54,"column":21},"end":{"line":54,"column":null}},"29":{"start":{"line":55,"column":4},"end":{"line":55,"column":null}},"30":{"start":{"line":58,"column":2},"end":{"line":69,"column":null}}},"fnMap":{"0":{"name":"(anonymous_0)","decl":{"start":{"line":5,"column":40},"end":{"line":5,"column":54}},"loc":{"start":{"line":5,"column":54},"end":{"line":70,"column":1}},"line":5},"1":{"name":"(anonymous_1)","decl":{"start":{"line":9,"column":21},"end":{"line":9,"column":36}},"loc":{"start":{"line":9,"column":36},"end":{"line":9,"column":49}},"line":9},"2":{"name":"(anonymous_2)","decl":{"start":{"line":10,"column":18},"end":{"line":10,"column":33}},"loc":{"start":{"line":10,"column":33},"end":{"line":10,"column":61}},"line":10},"3":{"name":"login","decl":{"start":{"line":12,"column":17},"end":{"line":12,"column":23}},"loc":{"start":{"line":12,"column":74},"end":{"line":19,"column":null}},"line":12},"4":{"name":"register","decl":{"start":{"line":21,"column":17},"end":{"line":21,"column":26}},"loc":{"start":{"line":21,"column":46},"end":{"line":24,"column":null}},"line":21},"5":{"name":"getProfile","decl":{"start":{"line":26,"column":17},"end":{"line":26,"column":30}},"loc":{"start":{"line":26,"column":30},"end":{"line":39,"column":null}},"line":26},"6":{"name":"logout","decl":{"start":{"line":41,"column":17},"end":{"line":41,"column":26}},"loc":{"start":{"line":41,"column":26},"end":{"line":45,"column":null}},"line":41},"7":{"name":"updateProfile","decl":{"start":{"line":47,"column":17},"end":{"line":47,"column":31}},"loc":{"start":{"line":47,"column":56},"end":{"line":51,"column":null}},"line":47},"8":{"name":"getCaptcha","decl":{"start":{"line":53,"column":17},"end":{"line":53,"column":30}},"loc":{"start":{"line":53,"column":30},"end":{"line":56,"column":null}},"line":53}},"branchMap":{"0":{"loc":{"start":{"line":6,"column":20},"end":{"line":6,"column":55}},"type":"binary-expr","locations":[{"start":{"line":6,"column":20},"end":{"line":6,"column":53}},{"start":{"line":6,"column":53},"end":{"line":6,"column":55}}],"line":6},"1":{"loc":{"start":{"line":13,"column":19},"end":{"line":13,"column":null}},"type":"cond-expr","locations":[{"start":{"line":13,"column":29},"end":{"line":13,"column":60}},{"start":{"line":13,"column":60},"end":{"line":13,"column":null}}],"line":13},"2":{"loc":{"start":{"line":27,"column":4},"end":{"line":27,"column":null}},"type":"if","locations":[{"start":{"line":27,"column":4},"end":{"line":27,"column":null}},{"start":{},"end":{}}],"line":27},"3":{"loc":{"start":{"line":31,"column":6},"end":{"line":33,"column":null}},"type":"if","locations":[{"start":{"line":31,"column":6},"end":{"line":33,"column":null}},{"start":{},"end":{}}],"line":31},"4":{"loc":{"start":{"line":31,"column":10},"end":{"line":31,"column":55}},"type":"binary-expr","locations":[{"start":{"line":31,"column":10},"end":{"line":31,"column":22}},{"start":{"line":31,"column":22},"end":{"line":31,"column":39}},{"start":{"line":31,"column":39},"end":{"line":31,"column":55}}],"line":31}},"s":{"0":1,"1":19,"2":19,"3":19,"4":2,"5":19,"6":3,"7":4,"8":4,"9":3,"10":3,"11":3,"12":3,"13":1,"14":1,"15":4,"16":1,"17":3,"18":3,"19":2,"20":1,"21":2,"22":1,"23":1,"24":1,"25":1,"26":1,"27":1,"28":1,"29":1,"30":19},"f":{"0":19,"1":2,"2":3,"3":4,"4":1,"5":4,"6":1,"7":1,"8":1},"b":{"0":[19,9],"1":[1,3],"2":[1,3],"3":[1,1],"4":[2,1,1]},"meta":{"lastBranch":5,"lastFunction":9,"lastStatement":31,"seen":{"s:5:13:70:Infinity":0,"f:5:40:5:54":0,"s:6:8:6:Infinity":1,"b:6:20:6:53:6:53:6:55":0,"s:7:8:7:Infinity":2,"s:9:8:9:Infinity":3,"f:9:21:9:36":1,"s:9:36:9:49":4,"s:10:8:10:Infinity":5,"f:10:18:10:33":2,"s:10:33:10:61":6,"f:12:17:12:23":3,"s:13:19:13:Infinity":7,"b:13:29:13:60:13:60:13:Infinity":1,"s:14:21:14:Infinity":8,"s:15:4:15:Infinity":9,"s:16:4:16:Infinity":10,"s:17:4:17:Infinity":11,"s:18:4:18:Infinity":12,"f:21:17:21:26":4,"s:22:21:22:Infinity":13,"s:23:4:23:Infinity":14,"f:26:17:26:30":5,"b:27:4:27:Infinity:undefined:undefined:undefined:undefined":2,"s:27:4:27:Infinity":15,"s:27:22:27:Infinity":16,"s:28:4:38:Infinity":17,"s:29:23:29:Infinity":18,"b:31:6:33:Infinity:undefined:undefined:undefined:undefined":3,"s:31:6:33:Infinity":19,"b:31:10:31:22:31:22:31:39:31:39:31:55":4,"s:32:8:32:Infinity":20,"s:34:6:34:Infinity":21,"f:41:17:41:26":6,"s:42:4:42:Infinity":22,"s:43:4:43:Infinity":23,"s:44:4:44:Infinity":24,"f:47:17:47:31":7,"s:48:21:48:Infinity":25,"s:49:4:49:Infinity":26,"s:50:4:50:Infinity":27,"f:53:17:53:30":8,"s:54:21:54:Infinity":28,"s:55:4:55:Infinity":29,"s:58:2:69:Infinity":30},"fnNames":{}}}
,"G:\\Documents\\Study\\vue-frontend\\src\\stores\\data.ts": {"path":"G:\\Documents\\Study\\vue-frontend\\src\\stores\\data.ts","statementMap":{"0":{"start":{"line":5,"column":13},"end":{"line":214,"column":null}},"1":{"start":{"line":6,"column":8},"end":{"line":6,"column":null}},"2":{"start":{"line":7,"column":8},"end":{"line":7,"column":null}},"3":{"start":{"line":8,"column":8},"end":{"line":8,"column":null}},"4":{"start":{"line":10,"column":8},"end":{"line":20,"column":null}},"5":{"start":{"line":11,"column":18},"end":{"line":11,"column":null}},"6":{"start":{"line":12,"column":4},"end":{"line":19,"column":null}},"7":{"start":{"line":14,"column":6},"end":{"line":16,"column":null}},"8":{"start":{"line":15,"column":8},"end":{"line":15,"column":null}},"9":{"start":{"line":18,"column":6},"end":{"line":18,"column":null}},"10":{"start":{"line":22,"column":8},"end":{"line":22,"column":null}},"11":{"start":{"line":22,"column":41},"end":{"line":22,"column":84}},"12":{"start":{"line":22,"column":65},"end":{"line":22,"column":83}},"13":{"start":{"line":23,"column":8},"end":{"line":23,"column":null}},"14":{"start":{"line":23,"column":40},"end":{"line":23,"column":83}},"15":{"start":{"line":23,"column":64},"end":{"line":23,"column":82}},"16":{"start":{"line":24,"column":8},"end":{"line":24,"column":null}},"17":{"start":{"line":24,"column":40},"end":{"line":24,"column":83}},"18":{"start":{"line":24,"column":64},"end":{"line":24,"column":82}},"19":{"start":{"line":27,"column":4},"end":{"line":40,"column":null}},"20":{"start":{"line":28,"column":48},"end":{"line":32,"column":null}},"21":{"start":{"line":29,"column":38},"end":{"line":29,"column":40}},"22":{"start":{"line":30,"column":38},"end":{"line":30,"column":40}},"23":{"start":{"line":31,"column":38},"end":{"line":31,"column":40}},"24":{"start":{"line":33,"column":6},"end":{"line":33,"column":null}},"25":{"start":{"line":34,"column":6},"end":{"line":34,"column":null}},"26":{"start":{"line":35,"column":6},"end":{"line":35,"column":null}},"27":{"start":{"line":37,"column":6},"end":{"line":37,"column":null}},"28":{"start":{"line":38,"column":6},"end":{"line":38,"column":null}},"29":{"start":{"line":39,"column":6},"end":{"line":39,"column":null}},"30":{"start":{"line":44,"column":26},"end":{"line":49,"column":null}},"31":{"start":{"line":50,"column":4},"end":{"line":50,"column":null}},"32":{"start":{"line":51,"column":4},"end":{"line":53,"column":null}},"33":{"start":{"line":52,"column":6},"end":{"line":52,"column":null}},"34":{"start":{"line":54,"column":4},"end":{"line":54,"column":null}},"35":{"start":{"line":58,"column":18},"end":{"line":58,"column":null}},"36":{"start":{"line":58,"column":45},"end":{"line":58,"column":56}},"37":{"start":{"line":59,"column":4},"end":{"line":64,"column":null}},"38":{"start":{"line":60,"column":6},"end":{"line":60,"column":null}},"39":{"start":{"line":61,"column":6},"end":{"line":63,"column":null}},"40":{"start":{"line":62,"column":8},"end":{"line":62,"column":null}},"41":{"start":{"line":68,"column":4},"end":{"line":68,"column":null}},"42":{"start":{"line":68,"column":42},"end":{"line":68,"column":53}},"43":{"start":{"line":69,"column":4},"end":{"line":71,"column":null}},"44":{"start":{"line":70,"column":6},"end":{"line":70,"column":null}},"45":{"start":{"line":75,"column":26},"end":{"line":78,"column":null}},"46":{"start":{"line":79,"column":4},"end":{"line":79,"column":null}},"47":{"start":{"line":80,"column":4},"end":{"line":82,"column":null}},"48":{"start":{"line":81,"column":6},"end":{"line":81,"column":null}},"49":{"start":{"line":83,"column":4},"end":{"line":83,"column":null}},"50":{"start":{"line":87,"column":18},"end":{"line":87,"column":null}},"51":{"start":{"line":87,"column":45},"end":{"line":87,"column":56}},"52":{"start":{"line":88,"column":4},"end":{"line":93,"column":null}},"53":{"start":{"line":89,"column":6},"end":{"line":89,"column":null}},"54":{"start":{"line":90,"column":6},"end":{"line":92,"column":null}},"55":{"start":{"line":91,"column":8},"end":{"line":91,"column":null}},"56":{"start":{"line":97,"column":4},"end":{"line":97,"column":null}},"57":{"start":{"line":97,"column":42},"end":{"line":97,"column":53}},"58":{"start":{"line":98,"column":4},"end":{"line":100,"column":null}},"59":{"start":{"line":99,"column":6},"end":{"line":99,"column":null}},"60":{"start":{"line":104,"column":26},"end":{"line":109,"column":null}},"61":{"start":{"line":110,"column":4},"end":{"line":110,"column":null}},"62":{"start":{"line":111,"column":4},"end":{"line":113,"column":null}},"63":{"start":{"line":112,"column":6},"end":{"line":112,"column":null}},"64":{"start":{"line":114,"column":4},"end":{"line":114,"column":null}},"65":{"start":{"line":118,"column":18},"end":{"line":118,"column":null}},"66":{"start":{"line":118,"column":45},"end":{"line":118,"column":56}},"67":{"start":{"line":119,"column":4},"end":{"line":126,"column":null}},"68":{"start":{"line":120,"column":6},"end":{"line":120,"column":null}},"69":{"start":{"line":121,"column":6},"end":{"line":123,"column":null}},"70":{"start":{"line":122,"column":8},"end":{"line":122,"column":null}},"71":{"start":{"line":125,"column":6},"end":{"line":125,"column":null}},"72":{"start":{"line":131,"column":4},"end":{"line":133,"column":null}},"73":{"start":{"line":132,"column":6},"end":{"line":132,"column":null}},"74":{"start":{"line":135,"column":4},"end":{"line":135,"column":null}},"75":{"start":{"line":140,"column":18},"end":{"line":140,"column":null}},"76":{"start":{"line":140,"column":45},"end":{"line":140,"column":60}},"77":{"start":{"line":141,"column":4},"end":{"line":141,"column":null}},"78":{"start":{"line":141,"column":22},"end":{"line":141,"column":null}},"79":{"start":{"line":142,"column":17},"end":{"line":142,"column":null}},"80":{"start":{"line":143,"column":4},"end":{"line":145,"column":null}},"81":{"start":{"line":144,"column":6},"end":{"line":144,"column":null}},"82":{"start":{"line":146,"column":4},"end":{"line":146,"column":null}},"83":{"start":{"line":148,"column":4},"end":{"line":148,"column":null}},"84":{"start":{"line":149,"column":4},"end":{"line":151,"column":null}},"85":{"start":{"line":150,"column":6},"end":{"line":150,"column":null}},"86":{"start":{"line":152,"column":4},"end":{"line":152,"column":null}},"87":{"start":{"line":158,"column":17},"end":{"line":158,"column":null}},"88":{"start":{"line":158,"column":39},"end":{"line":158,"column":65}},"89":{"start":{"line":159,"column":4},"end":{"line":159,"column":null}},"90":{"start":{"line":159,"column":34},"end":{"line":159,"column":null}},"91":{"start":{"line":162,"column":17},"end":{"line":162,"column":null}},"92":{"start":{"line":162,"column":39},"end":{"line":162,"column":65}},"93":{"start":{"line":163,"column":4},"end":{"line":163,"column":null}},"94":{"start":{"line":163,"column":15},"end":{"line":163,"column":null}},"95":{"start":{"line":166,"column":22},"end":{"line":166,"column":null}},"96":{"start":{"line":166,"column":46},"end":{"line":166,"column":72}},"97":{"start":{"line":167,"column":27},"end":{"line":167,"column":null}},"98":{"start":{"line":167,"column":49},"end":{"line":167,"column":60}},"99":{"start":{"line":168,"column":21},"end":{"line":168,"column":null}},"100":{"start":{"line":171,"column":4},"end":{"line":171,"column":null}},"101":{"start":{"line":172,"column":4},"end":{"line":178,"column":null}},"102":{"start":{"line":173,"column":6},"end":{"line":173,"column":null}},"103":{"start":{"line":174,"column":6},"end":{"line":174,"column":null}},"104":{"start":{"line":175,"column":11},"end":{"line":178,"column":null}},"105":{"start":{"line":176,"column":6},"end":{"line":176,"column":null}},"106":{"start":{"line":177,"column":6},"end":{"line":177,"column":null}},"107":{"start":{"line":181,"column":4},"end":{"line":183,"column":null}},"108":{"start":{"line":182,"column":6},"end":{"line":182,"column":null}},"109":{"start":{"line":187,"column":4},"end":{"line":187,"column":null}},"110":{"start":{"line":187,"column":42},"end":{"line":187,"column":53}},"111":{"start":{"line":188,"column":4},"end":{"line":190,"column":null}},"112":{"start":{"line":189,"column":6},"end":{"line":189,"column":null}},"113":{"start":{"line":193,"column":2},"end":{"line":213,"column":null}}},"fnMap":{"0":{"name":"(anonymous_0)","decl":{"start":{"line":5,"column":40},"end":{"line":5,"column":54}},"loc":{"start":{"line":5,"column":54},"end":{"line":214,"column":1}},"line":5},"1":{"name":"(anonymous_1)","decl":{"start":{"line":10,"column":21},"end":{"line":10,"column":36}},"loc":{"start":{"line":10,"column":36},"end":{"line":20,"column":3}},"line":10},"2":{"name":"(anonymous_2)","decl":{"start":{"line":12,"column":23},"end":{"line":12,"column":30}},"loc":{"start":{"line":12,"column":35},"end":{"line":19,"column":5}},"line":12},"3":{"name":"(anonymous_3)","decl":{"start":{"line":22,"column":26},"end":{"line":22,"column":41}},"loc":{"start":{"line":22,"column":41},"end":{"line":22,"column":84}},"line":22},"4":{"name":"(anonymous_4)","decl":{"start":{"line":22,"column":53},"end":{"line":22,"column":60}},"loc":{"start":{"line":22,"column":65},"end":{"line":22,"column":83}},"line":22},"5":{"name":"(anonymous_5)","decl":{"start":{"line":23,"column":25},"end":{"line":23,"column":40}},"loc":{"start":{"line":23,"column":40},"end":{"line":23,"column":83}},"line":23},"6":{"name":"(anonymous_6)","decl":{"start":{"line":23,"column":52},"end":{"line":23,"column":59}},"loc":{"start":{"line":23,"column":64},"end":{"line":23,"column":82}},"line":23},"7":{"name":"(anonymous_7)","decl":{"start":{"line":24,"column":25},"end":{"line":24,"column":40}},"loc":{"start":{"line":24,"column":40},"end":{"line":24,"column":83}},"line":24},"8":{"name":"(anonymous_8)","decl":{"start":{"line":24,"column":52},"end":{"line":24,"column":59}},"loc":{"start":{"line":24,"column":64},"end":{"line":24,"column":82}},"line":24},"9":{"name":"fetchAllData","decl":{"start":{"line":26,"column":17},"end":{"line":26,"column":32}},"loc":{"start":{"line":26,"column":32},"end":{"line":41,"column":null}},"line":26},"10":{"name":"(anonymous_10)","decl":{"start":{"line":29,"column":26},"end":{"line":29,"column":38}},"loc":{"start":{"line":29,"column":38},"end":{"line":29,"column":40}},"line":29},"11":{"name":"(anonymous_11)","decl":{"start":{"line":30,"column":26},"end":{"line":30,"column":38}},"loc":{"start":{"line":30,"column":38},"end":{"line":30,"column":40}},"line":30},"12":{"name":"(anonymous_12)","decl":{"start":{"line":31,"column":26},"end":{"line":31,"column":38}},"loc":{"start":{"line":31,"column":38},"end":{"line":31,"column":40}},"line":31},"13":{"name":"addGoal","decl":{"start":{"line":43,"column":17},"end":{"line":43,"column":25}},"loc":{"start":{"line":43,"column":73},"end":{"line":55,"column":null}},"line":43},"14":{"name":"updateGoal","decl":{"start":{"line":57,"column":17},"end":{"line":57,"column":28}},"loc":{"start":{"line":57,"column":61},"end":{"line":65,"column":null}},"line":57},"15":{"name":"(anonymous_15)","decl":{"start":{"line":58,"column":30},"end":{"line":58,"column":40}},"loc":{"start":{"line":58,"column":45},"end":{"line":58,"column":56}},"line":58},"16":{"name":"deleteGoal","decl":{"start":{"line":67,"column":17},"end":{"line":67,"column":28}},"loc":{"start":{"line":67,"column":40},"end":{"line":72,"column":null}},"line":67},"17":{"name":"(anonymous_17)","decl":{"start":{"line":68,"column":30},"end":{"line":68,"column":37}},"loc":{"start":{"line":68,"column":42},"end":{"line":68,"column":53}},"line":68},"18":{"name":"addPlan","decl":{"start":{"line":74,"column":17},"end":{"line":74,"column":25}},"loc":{"start":{"line":74,"column":49},"end":{"line":84,"column":null}},"line":74},"19":{"name":"updatePlan","decl":{"start":{"line":86,"column":17},"end":{"line":86,"column":28}},"loc":{"start":{"line":86,"column":61},"end":{"line":94,"column":null}},"line":86},"20":{"name":"(anonymous_20)","decl":{"start":{"line":87,"column":30},"end":{"line":87,"column":40}},"loc":{"start":{"line":87,"column":45},"end":{"line":87,"column":56}},"line":87},"21":{"name":"deletePlan","decl":{"start":{"line":96,"column":17},"end":{"line":96,"column":28}},"loc":{"start":{"line":96,"column":40},"end":{"line":101,"column":null}},"line":96},"22":{"name":"(anonymous_22)","decl":{"start":{"line":97,"column":30},"end":{"line":97,"column":37}},"loc":{"start":{"line":97,"column":42},"end":{"line":97,"column":53}},"line":97},"23":{"name":"addTask","decl":{"start":{"line":103,"column":17},"end":{"line":103,"column":25}},"loc":{"start":{"line":103,"column":63},"end":{"line":115,"column":null}},"line":103},"24":{"name":"updateTask","decl":{"start":{"line":117,"column":17},"end":{"line":117,"column":28}},"loc":{"start":{"line":117,"column":61},"end":{"line":127,"column":null}},"line":117},"25":{"name":"(anonymous_25)","decl":{"start":{"line":118,"column":30},"end":{"line":118,"column":40}},"loc":{"start":{"line":118,"column":45},"end":{"line":118,"column":56}},"line":118},"26":{"name":"isTaskCompletedOnDate","decl":{"start":{"line":130,"column":11},"end":{"line":130,"column":33}},"loc":{"start":{"line":130,"column":71},"end":{"line":136,"column":null}},"line":130},"27":{"name":"toggleTaskOnDate","decl":{"start":{"line":139,"column":17},"end":{"line":139,"column":34}},"loc":{"start":{"line":139,"column":87},"end":{"line":153,"column":null}},"line":139},"28":{"name":"(anonymous_28)","decl":{"start":{"line":140,"column":30},"end":{"line":140,"column":40}},"loc":{"start":{"line":140,"column":45},"end":{"line":140,"column":60}},"line":140},"29":{"name":"updateGoalProgressByTask","decl":{"start":{"line":156,"column":11},"end":{"line":156,"column":36}},"loc":{"start":{"line":156,"column":48},"end":{"line":184,"column":null}},"line":156},"30":{"name":"(anonymous_30)","decl":{"start":{"line":158,"column":29},"end":{"line":158,"column":34}},"loc":{"start":{"line":158,"column":39},"end":{"line":158,"column":65}},"line":158},"31":{"name":"(anonymous_31)","decl":{"start":{"line":162,"column":29},"end":{"line":162,"column":34}},"loc":{"start":{"line":162,"column":39},"end":{"line":162,"column":65}},"line":162},"32":{"name":"(anonymous_32)","decl":{"start":{"line":166,"column":34},"end":{"line":166,"column":41}},"loc":{"start":{"line":166,"column":46},"end":{"line":166,"column":72}},"line":166},"33":{"name":"(anonymous_33)","decl":{"start":{"line":167,"column":37},"end":{"line":167,"column":44}},"loc":{"start":{"line":167,"column":49},"end":{"line":167,"column":60}},"line":167},"34":{"name":"deleteTask","decl":{"start":{"line":186,"column":17},"end":{"line":186,"column":28}},"loc":{"start":{"line":186,"column":40},"end":{"line":191,"column":null}},"line":186},"35":{"name":"(anonymous_35)","decl":{"start":{"line":187,"column":30},"end":{"line":187,"column":37}},"loc":{"start":{"line":187,"column":42},"end":{"line":187,"column":53}},"line":187}},"branchMap":{"0":{"loc":{"start":{"line":14,"column":6},"end":{"line":16,"column":null}},"type":"if","locations":[{"start":{"line":14,"column":6},"end":{"line":16,"column":null}},{"start":{},"end":{}}],"line":14},"1":{"loc":{"start":{"line":14,"column":10},"end":{"line":14,"column":36}},"type":"binary-expr","locations":[{"start":{"line":14,"column":10},"end":{"line":14,"column":25}},{"start":{"line":14,"column":25},"end":{"line":14,"column":36}}],"line":14},"2":{"loc":{"start":{"line":15,"column":15},"end":{"line":15,"column":null}},"type":"binary-expr","locations":[{"start":{"line":15,"column":15},"end":{"line":15,"column":39}},{"start":{"line":15,"column":39},"end":{"line":15,"column":null}}],"line":15},"3":{"loc":{"start":{"line":33,"column":20},"end":{"line":33,"column":null}},"type":"cond-expr","locations":[{"start":{"line":33,"column":47},"end":{"line":33,"column":59}},{"start":{"line":33,"column":59},"end":{"line":33,"column":null}}],"line":33},"4":{"loc":{"start":{"line":34,"column":20},"end":{"line":34,"column":null}},"type":"cond-expr","locations":[{"start":{"line":34,"column":47},"end":{"line":34,"column":59}},{"start":{"line":34,"column":59},"end":{"line":34,"column":null}}],"line":34},"5":{"loc":{"start":{"line":35,"column":20},"end":{"line":35,"column":null}},"type":"cond-expr","locations":[{"start":{"line":35,"column":47},"end":{"line":35,"column":59}},{"start":{"line":35,"column":59},"end":{"line":35,"column":null}}],"line":35},"6":{"loc":{"start":{"line":59,"column":4},"end":{"line":64,"column":null}},"type":"if","locations":[{"start":{"line":59,"column":4},"end":{"line":64,"column":null}},{"start":{},"end":{}}],"line":59},"7":{"loc":{"start":{"line":88,"column":4},"end":{"line":93,"column":null}},"type":"if","locations":[{"start":{"line":88,"column":4},"end":{"line":93,"column":null}},{"start":{},"end":{}}],"line":88},"8":{"loc":{"start":{"line":119,"column":4},"end":{"line":126,"column":null}},"type":"if","locations":[{"start":{"line":119,"column":4},"end":{"line":126,"column":null}},{"start":{},"end":{}}],"line":119},"9":{"loc":{"start":{"line":131,"column":4},"end":{"line":133,"column":null}},"type":"if","locations":[{"start":{"line":131,"column":4},"end":{"line":133,"column":null}},{"start":{},"end":{}}],"line":131},"10":{"loc":{"start":{"line":141,"column":4},"end":{"line":141,"column":null}},"type":"if","locations":[{"start":{"line":141,"column":4},"end":{"line":141,"column":null}},{"start":{},"end":{}}],"line":141},"11":{"loc":{"start":{"line":143,"column":4},"end":{"line":145,"column":null}},"type":"if","locations":[{"start":{"line":143,"column":4},"end":{"line":145,"column":null}},{"start":{},"end":{}}],"line":143},"12":{"loc":{"start":{"line":159,"column":4},"end":{"line":159,"column":null}},"type":"if","locations":[{"start":{"line":159,"column":4},"end":{"line":159,"column":null}},{"start":{},"end":{}}],"line":159},"13":{"loc":{"start":{"line":159,"column":8},"end":{"line":159,"column":34}},"type":"binary-expr","locations":[{"start":{"line":159,"column":8},"end":{"line":159,"column":17}},{"start":{"line":159,"column":17},"end":{"line":159,"column":34}}],"line":159},"14":{"loc":{"start":{"line":163,"column":4},"end":{"line":163,"column":null}},"type":"if","locations":[{"start":{"line":163,"column":4},"end":{"line":163,"column":null}},{"start":{},"end":{}}],"line":163},"15":{"loc":{"start":{"line":168,"column":21},"end":{"line":168,"column":null}},"type":"cond-expr","locations":[{"start":{"line":168,"column":44},"end":{"line":168,"column":100}},{"start":{"line":168,"column":100},"end":{"line":168,"column":null}}],"line":168},"16":{"loc":{"start":{"line":172,"column":4},"end":{"line":178,"column":null}},"type":"if","locations":[{"start":{"line":172,"column":4},"end":{"line":178,"column":null}},{"start":{"line":175,"column":11},"end":{"line":178,"column":null}}],"line":172},"17":{"loc":{"start":{"line":175,"column":11},"end":{"line":178,"column":null}},"type":"if","locations":[{"start":{"line":175,"column":11},"end":{"line":178,"column":null}},{"start":{},"end":{}}],"line":175},"18":{"loc":{"start":{"line":175,"column":15},"end":{"line":175,"column":56}},"type":"binary-expr","locations":[{"start":{"line":175,"column":15},"end":{"line":175,"column":40}},{"start":{"line":175,"column":40},"end":{"line":175,"column":56}}],"line":175}},"s":{"0":1,"1":23,"2":23,"3":23,"4":23,"5":2,"6":2,"7":4,"8":2,"9":2,"10":23,"11":1,"12":2,"13":23,"14":1,"15":2,"16":23,"17":1,"18":1,"19":3,"20":3,"21":1,"22":1,"23":1,"24":3,"25":3,"26":3,"27":0,"28":0,"29":0,"30":1,"31":1,"32":1,"33":1,"34":1,"35":2,"36":1,"37":2,"38":1,"39":1,"40":1,"41":1,"42":1,"43":1,"44":1,"45":0,"46":0,"47":0,"48":0,"49":0,"50":0,"51":0,"52":0,"53":0,"54":0,"55":0,"56":0,"57":0,"58":0,"59":0,"60":0,"61":0,"62":0,"63":0,"64":0,"65":0,"66":0,"67":0,"68":0,"69":0,"70":0,"71":0,"72":4,"73":3,"74":1,"75":6,"76":5,"77":6,"78":1,"79":5,"80":5,"81":5,"82":5,"83":5,"84":5,"85":5,"86":5,"87":5,"88":2,"89":5,"90":3,"91":2,"92":2,"93":2,"94":0,"95":2,"96":4,"97":2,"98":4,"99":2,"100":5,"101":5,"102":1,"103":1,"104":1,"105":0,"106":0,"107":2,"108":2,"109":0,"110":0,"111":0,"112":0,"113":23},"f":{"0":23,"1":2,"2":4,"3":1,"4":2,"5":1,"6":2,"7":1,"8":1,"9":3,"10":1,"11":1,"12":1,"13":1,"14":2,"15":1,"16":1,"17":1,"18":0,"19":0,"20":0,"21":0,"22":0,"23":0,"24":0,"25":0,"26":4,"27":6,"28":5,"29":5,"30":2,"31":2,"32":4,"33":4,"34":0,"35":0},"b":{"0":[2,2],"1":[4,2],"2":[2,2],"3":[2,1],"4":[2,1],"5":[2,1],"6":[1,1],"7":[0,0],"8":[0,0],"9":[3,1],"10":[1,5],"11":[5,0],"12":[3,2],"13":[5,2],"14":[0,2],"15":[2,0],"16":[1,1],"17":[0,1],"18":[1,0]},"meta":{"lastBranch":19,"lastFunction":36,"lastStatement":114,"seen":{"s:5:13:214:Infinity":0,"f:5:40:5:54":0,"s:6:8:6:Infinity":1,"s:7:8:7:Infinity":2,"s:8:8:8:Infinity":3,"s:10:8:20:Infinity":4,"f:10:21:10:36":1,"s:11:18:11:Infinity":5,"s:12:4:19:Infinity":6,"f:12:23:12:30":2,"b:14:6:16:Infinity:undefined:undefined:undefined:undefined":0,"s:14:6:16:Infinity":7,"b:14:10:14:25:14:25:14:36":1,"s:15:8:15:Infinity":8,"b:15:15:15:39:15:39:15:Infinity":2,"s:18:6:18:Infinity":9,"s:22:8:22:Infinity":10,"f:22:26:22:41":3,"s:22:41:22:84":11,"f:22:53:22:60":4,"s:22:65:22:83":12,"s:23:8:23:Infinity":13,"f:23:25:23:40":5,"s:23:40:23:83":14,"f:23:52:23:59":6,"s:23:64:23:82":15,"s:24:8:24:Infinity":16,"f:24:25:24:40":7,"s:24:40:24:83":17,"f:24:52:24:59":8,"s:24:64:24:82":18,"f:26:17:26:32":9,"s:27:4:40:Infinity":19,"s:28:48:32:Infinity":20,"f:29:26:29:38":10,"s:29:38:29:40":21,"f:30:26:30:38":11,"s:30:38:30:40":22,"f:31:26:31:38":12,"s:31:38:31:40":23,"s:33:6:33:Infinity":24,"b:33:47:33:59:33:59:33:Infinity":3,"s:34:6:34:Infinity":25,"b:34:47:34:59:34:59:34:Infinity":4,"s:35:6:35:Infinity":26,"b:35:47:35:59:35:59:35:Infinity":5,"s:37:6:37:Infinity":27,"s:38:6:38:Infinity":28,"s:39:6:39:Infinity":29,"f:43:17:43:25":13,"s:44:26:49:Infinity":30,"s:50:4:50:Infinity":31,"s:51:4:53:Infinity":32,"s:52:6:52:Infinity":33,"s:54:4:54:Infinity":34,"f:57:17:57:28":14,"s:58:18:58:Infinity":35,"f:58:30:58:40":15,"s:58:45:58:56":36,"b:59:4:64:Infinity:undefined:undefined:undefined:undefined":6,"s:59:4:64:Infinity":37,"s:60:6:60:Infinity":38,"s:61:6:63:Infinity":39,"s:62:8:62:Infinity":40,"f:67:17:67:28":16,"s:68:4:68:Infinity":41,"f:68:30:68:37":17,"s:68:42:68:53":42,"s:69:4:71:Infinity":43,"s:70:6:70:Infinity":44,"f:74:17:74:25":18,"s:75:26:78:Infinity":45,"s:79:4:79:Infinity":46,"s:80:4:82:Infinity":47,"s:81:6:81:Infinity":48,"s:83:4:83:Infinity":49,"f:86:17:86:28":19,"s:87:18:87:Infinity":50,"f:87:30:87:40":20,"s:87:45:87:56":51,"b:88:4:93:Infinity:undefined:undefined:undefined:undefined":7,"s:88:4:93:Infinity":52,"s:89:6:89:Infinity":53,"s:90:6:92:Infinity":54,"s:91:8:91:Infinity":55,"f:96:17:96:28":21,"s:97:4:97:Infinity":56,"f:97:30:97:37":22,"s:97:42:97:53":57,"s:98:4:100:Infinity":58,"s:99:6:99:Infinity":59,"f:103:17:103:25":23,"s:104:26:109:Infinity":60,"s:110:4:110:Infinity":61,"s:111:4:113:Infinity":62,"s:112:6:112:Infinity":63,"s:114:4:114:Infinity":64,"f:117:17:117:28":24,"s:118:18:118:Infinity":65,"f:118:30:118:40":25,"s:118:45:118:56":66,"b:119:4:126:Infinity:undefined:undefined:undefined:undefined":8,"s:119:4:126:Infinity":67,"s:120:6:120:Infinity":68,"s:121:6:123:Infinity":69,"s:122:8:122:Infinity":70,"s:125:6:125:Infinity":71,"f:130:11:130:33":26,"b:131:4:133:Infinity:undefined:undefined:undefined:undefined":9,"s:131:4:133:Infinity":72,"s:132:6:132:Infinity":73,"s:135:4:135:Infinity":74,"f:139:17:139:34":27,"s:140:18:140:Infinity":75,"f:140:30:140:40":28,"s:140:45:140:60":76,"b:141:4:141:Infinity:undefined:undefined:undefined:undefined":10,"s:141:4:141:Infinity":77,"s:141:22:141:Infinity":78,"s:142:17:142:Infinity":79,"b:143:4:145:Infinity:undefined:undefined:undefined:undefined":11,"s:143:4:145:Infinity":80,"s:144:6:144:Infinity":81,"s:146:4:146:Infinity":82,"s:148:4:148:Infinity":83,"s:149:4:151:Infinity":84,"s:150:6:150:Infinity":85,"s:152:4:152:Infinity":86,"f:156:11:156:36":29,"s:158:17:158:Infinity":87,"f:158:29:158:34":30,"s:158:39:158:65":88,"b:159:4:159:Infinity:undefined:undefined:undefined:undefined":12,"s:159:4:159:Infinity":89,"b:159:8:159:17:159:17:159:34":13,"s:159:34:159:Infinity":90,"s:162:17:162:Infinity":91,"f:162:29:162:34":31,"s:162:39:162:65":92,"b:163:4:163:Infinity:undefined:undefined:undefined:undefined":14,"s:163:4:163:Infinity":93,"s:163:15:163:Infinity":94,"s:166:22:166:Infinity":95,"f:166:34:166:41":32,"s:166:46:166:72":96,"s:167:27:167:Infinity":97,"f:167:37:167:44":33,"s:167:49:167:60":98,"s:168:21:168:Infinity":99,"b:168:44:168:100:168:100:168:Infinity":15,"s:171:4:171:Infinity":100,"b:172:4:178:Infinity:175:11:178:Infinity":16,"s:172:4:178:Infinity":101,"s:173:6:173:Infinity":102,"s:174:6:174:Infinity":103,"b:175:11:178:Infinity:undefined:undefined:undefined:undefined":17,"s:175:11:178:Infinity":104,"b:175:15:175:40:175:40:175:56":18,"s:176:6:176:Infinity":105,"s:177:6:177:Infinity":106,"s:181:4:183:Infinity":107,"s:182:6:182:Infinity":108,"f:186:17:186:28":34,"s:187:4:187:Infinity":109,"f:187:30:187:37":35,"s:187:42:187:53":110,"s:188:4:190:Infinity":111,"s:189:6:189:Infinity":112,"s:193:2:213:Infinity":113},"fnNames":{}}}
,"G:\\Documents\\Study\\vue-frontend\\src\\stores\\theme.ts": {"path":"G:\\Documents\\Study\\vue-frontend\\src\\stores\\theme.ts","statementMap":{"0":{"start":{"line":6,"column":20},"end":{"line":6,"column":null}},"1":{"start":{"line":14,"column":13},"end":{"line":77,"column":null}},"2":{"start":{"line":16,"column":17},"end":{"line":16,"column":null}},"3":{"start":{"line":17,"column":8},"end":{"line":17,"column":null}},"4":{"start":{"line":20,"column":8},"end":{"line":22,"column":null}},"5":{"start":{"line":25,"column":21},"end":{"line":25,"column":null}},"6":{"start":{"line":26,"column":2},"end":{"line":28,"column":null}},"7":{"start":{"line":27,"column":4},"end":{"line":27,"column":null}},"8":{"start":{"line":31,"column":8},"end":{"line":36,"column":null}},"9":{"start":{"line":32,"column":4},"end":{"line":34,"column":null}},"10":{"start":{"line":33,"column":6},"end":{"line":33,"column":null}},"11":{"start":{"line":35,"column":4},"end":{"line":35,"column":null}},"12":{"start":{"line":38,"column":8},"end":{"line":40,"column":null}},"13":{"start":{"line":39,"column":4},"end":{"line":39,"column":null}},"14":{"start":{"line":44,"column":17},"end":{"line":44,"column":null}},"15":{"start":{"line":45,"column":4},"end":{"line":45,"column":null}},"16":{"start":{"line":46,"column":4},"end":{"line":46,"column":null}},"17":{"start":{"line":48,"column":4},"end":{"line":48,"column":null}},"18":{"start":{"line":52,"column":2},"end":{"line":59,"column":null}},"19":{"start":{"line":55,"column":6},"end":{"line":55,"column":null}},"20":{"start":{"line":56,"column":6},"end":{"line":56,"column":null}},"21":{"start":{"line":62,"column":4},"end":{"line":62,"column":null}},"22":{"start":{"line":67,"column":4},"end":{"line":67,"column":null}},"23":{"start":{"line":70,"column":2},"end":{"line":76,"column":null}}},"fnMap":{"0":{"name":"(anonymous_0)","decl":{"start":{"line":14,"column":41},"end":{"line":14,"column":56}},"loc":{"start":{"line":14,"column":56},"end":{"line":77,"column":1}},"line":14},"1":{"name":"(anonymous_1)","decl":{"start":{"line":26,"column":30},"end":{"line":26,"column":41}},"loc":{"start":{"line":26,"column":47},"end":{"line":28,"column":3}},"line":26},"2":{"name":"(anonymous_2)","decl":{"start":{"line":31,"column":17},"end":{"line":31,"column":32}},"loc":{"start":{"line":31,"column":32},"end":{"line":36,"column":3}},"line":31},"3":{"name":"(anonymous_3)","decl":{"start":{"line":38,"column":24},"end":{"line":38,"column":57}},"loc":{"start":{"line":38,"column":57},"end":{"line":40,"column":3}},"line":38},"4":{"name":"applyTheme","decl":{"start":{"line":43,"column":11},"end":{"line":43,"column":24}},"loc":{"start":{"line":43,"column":24},"end":{"line":49,"column":null}},"line":43},"5":{"name":"(anonymous_5)","decl":{"start":{"line":53,"column":21},"end":{"line":53,"column":null}},"loc":{"start":{"line":54,"column":10},"end":{"line":57,"column":null}},"line":54},"6":{"name":"setMode","decl":{"start":{"line":61,"column":11},"end":{"line":61,"column":19}},"loc":{"start":{"line":61,"column":39},"end":{"line":63,"column":null}},"line":61},"7":{"name":"toggle","decl":{"start":{"line":65,"column":11},"end":{"line":65,"column":20}},"loc":{"start":{"line":65,"column":20},"end":{"line":68,"column":null}},"line":65}},"branchMap":{"0":{"loc":{"start":{"line":17,"column":30},"end":{"line":17,"column":46}},"type":"binary-expr","locations":[{"start":{"line":17,"column":30},"end":{"line":17,"column":40}},{"start":{"line":17,"column":40},"end":{"line":17,"column":46}}],"line":17},"1":{"loc":{"start":{"line":32,"column":4},"end":{"line":34,"column":null}},"type":"if","locations":[{"start":{"line":32,"column":4},"end":{"line":34,"column":null}},{"start":{},"end":{}}],"line":32},"2":{"loc":{"start":{"line":39,"column":11},"end":{"line":39,"column":null}},"type":"cond-expr","locations":[{"start":{"line":39,"column":26},"end":{"line":39,"column":35}},{"start":{"line":39,"column":35},"end":{"line":39,"column":null}}],"line":39},"3":{"loc":{"start":{"line":67,"column":17},"end":{"line":67,"column":null}},"type":"cond-expr","locations":[{"start":{"line":67,"column":32},"end":{"line":67,"column":42}},{"start":{"line":67,"column":42},"end":{"line":67,"column":null}}],"line":67}},"s":{"0":1,"1":1,"2":18,"3":18,"4":18,"5":18,"6":18,"7":0,"8":18,"9":25,"10":7,"11":18,"12":18,"13":24,"14":25,"15":25,"16":25,"17":25,"18":18,"19":25,"20":25,"21":4,"22":3,"23":18},"f":{"0":18,"1":0,"2":25,"3":24,"4":25,"5":25,"6":4,"7":3},"b":{"0":[18,6],"1":[7,18],"2":[11,13],"3":[1,2]},"meta":{"lastBranch":4,"lastFunction":8,"lastStatement":24,"seen":{"s:6:20:6:Infinity":0,"s:14:13:77:Infinity":1,"f:14:41:14:56":0,"s:16:17:16:Infinity":2,"s:17:8:17:Infinity":3,"b:17:30:17:40:17:40:17:46":0,"s:20:8:22:Infinity":4,"s:25:21:25:Infinity":5,"s:26:2:28:Infinity":6,"f:26:30:26:41":1,"s:27:4:27:Infinity":7,"s:31:8:36:Infinity":8,"f:31:17:31:32":2,"b:32:4:34:Infinity:undefined:undefined:undefined:undefined":1,"s:32:4:34:Infinity":9,"s:33:6:33:Infinity":10,"s:35:4:35:Infinity":11,"s:38:8:40:Infinity":12,"f:38:24:38:57":3,"s:39:4:39:Infinity":13,"b:39:26:39:35:39:35:39:Infinity":2,"f:43:11:43:24":4,"s:44:17:44:Infinity":14,"s:45:4:45:Infinity":15,"s:46:4:46:Infinity":16,"s:48:4:48:Infinity":17,"s:52:2:59:Infinity":18,"f:53:21:53:Infinity":5,"s:55:6:55:Infinity":19,"s:56:6:56:Infinity":20,"f:61:11:61:19":6,"s:62:4:62:Infinity":21,"f:65:11:65:20":7,"s:67:4:67:Infinity":22,"b:67:32:67:42:67:42:67:Infinity":3,"s:70:2:76:Infinity":23},"fnNames":{}}}
,"G:\\Documents\\Study\\vue-frontend\\src\\utils\\api.ts": {"path":"G:\\Documents\\Study\\vue-frontend\\src\\utils\\api.ts","statementMap":{"0":{"start":{"line":4,"column":17},"end":{"line":10,"column":null}},"1":{"start":{"line":12,"column":0},"end":{"line":18,"column":null}},"2":{"start":{"line":13,"column":8},"end":{"line":13,"column":null}},"3":{"start":{"line":14,"column":2},"end":{"line":16,"column":null}},"4":{"start":{"line":15,"column":4},"end":{"line":15,"column":null}},"5":{"start":{"line":17,"column":2},"end":{"line":17,"column":null}},"6":{"start":{"line":20,"column":0},"end":{"line":36,"column":null}},"7":{"start":{"line":21,"column":16},"end":{"line":21,"column":null}},"8":{"start":{"line":23,"column":25},"end":{"line":23,"column":null}},"9":{"start":{"line":25,"column":4},"end":{"line":32,"column":null}},"10":{"start":{"line":26,"column":12},"end":{"line":26,"column":null}},"11":{"start":{"line":28,"column":6},"end":{"line":31,"column":null}},"12":{"start":{"line":29,"column":8},"end":{"line":29,"column":null}},"13":{"start":{"line":30,"column":8},"end":{"line":30,"column":null}},"14":{"start":{"line":34,"column":4},"end":{"line":34,"column":null}},"15":{"start":{"line":38,"column":19},"end":{"line":43,"column":null}},"16":{"start":{"line":39,"column":41},"end":{"line":39,"column":null}},"17":{"start":{"line":40,"column":40},"end":{"line":40,"column":null}},"18":{"start":{"line":41,"column":39},"end":{"line":41,"column":null}},"19":{"start":{"line":42,"column":27},"end":{"line":42,"column":null}}},"fnMap":{"0":{"name":"(anonymous_0)","decl":{"start":{"line":12,"column":30},"end":{"line":12,"column":35}},"loc":{"start":{"line":12,"column":46},"end":{"line":18,"column":1}},"line":12},"1":{"name":"(anonymous_1)","decl":{"start":{"line":20,"column":31},"end":{"line":20,"column":null}},"loc":{"start":{"line":21,"column":16},"end":{"line":21,"column":null}},"line":21},"2":{"name":"(anonymous_2)","decl":{"start":{"line":21,"column":25},"end":{"line":21,"column":null}},"loc":{"start":{"line":22,"column":13},"end":{"line":35,"column":null}},"line":22},"3":{"name":"(anonymous_3)","decl":{"start":{"line":39,"column":2},"end":{"line":39,"column":8}},"loc":{"start":{"line":39,"column":41},"end":{"line":39,"column":null}},"line":39},"4":{"name":"(anonymous_4)","decl":{"start":{"line":40,"column":2},"end":{"line":40,"column":9}},"loc":{"start":{"line":40,"column":40},"end":{"line":40,"column":null}},"line":40},"5":{"name":"(anonymous_5)","decl":{"start":{"line":41,"column":2},"end":{"line":41,"column":8}},"loc":{"start":{"line":41,"column":39},"end":{"line":41,"column":null}},"line":41},"6":{"name":"(anonymous_6)","decl":{"start":{"line":42,"column":2},"end":{"line":42,"column":11}},"loc":{"start":{"line":42,"column":27},"end":{"line":42,"column":null}},"line":42}},"branchMap":{"0":{"loc":{"start":{"line":14,"column":2},"end":{"line":16,"column":null}},"type":"if","locations":[{"start":{"line":14,"column":2},"end":{"line":16,"column":null}},{"start":{},"end":{}}],"line":14},"1":{"loc":{"start":{"line":25,"column":4},"end":{"line":32,"column":null}},"type":"if","locations":[{"start":{"line":25,"column":4},"end":{"line":32,"column":null}},{"start":{},"end":{}}],"line":25},"2":{"loc":{"start":{"line":28,"column":6},"end":{"line":31,"column":null}},"type":"if","locations":[{"start":{"line":28,"column":6},"end":{"line":31,"column":null}},{"start":{},"end":{}}],"line":28},"3":{"loc":{"start":{"line":34,"column":26},"end":{"line":34,"column":66}},"type":"binary-expr","locations":[{"start":{"line":34,"column":26},"end":{"line":34,"column":53}},{"start":{"line":34,"column":53},"end":{"line":34,"column":66}}],"line":34}},"s":{"0":0,"1":0,"2":0,"3":0,"4":0,"5":0,"6":0,"7":0,"8":0,"9":0,"10":0,"11":0,"12":0,"13":0,"14":0,"15":0,"16":0,"17":0,"18":0,"19":0},"f":{"0":0,"1":0,"2":0,"3":0,"4":0,"5":0,"6":0},"b":{"0":[0,0],"1":[0,0],"2":[0,0],"3":[0,0]},"meta":{"lastBranch":4,"lastFunction":7,"lastStatement":20,"seen":{"s:4:17:10:Infinity":0,"s:12:0:18:Infinity":1,"f:12:30:12:35":0,"s:13:8:13:Infinity":2,"b:14:2:16:Infinity:undefined:undefined:undefined:undefined":0,"s:14:2:16:Infinity":3,"s:15:4:15:Infinity":4,"s:17:2:17:Infinity":5,"s:20:0:36:Infinity":6,"f:20:31:20:Infinity":1,"s:21:16:21:Infinity":7,"f:21:25:21:Infinity":2,"s:23:25:23:Infinity":8,"b:25:4:32:Infinity:undefined:undefined:undefined:undefined":1,"s:25:4:32:Infinity":9,"s:26:12:26:Infinity":10,"b:28:6:31:Infinity:undefined:undefined:undefined:undefined":2,"s:28:6:31:Infinity":11,"s:29:8:29:Infinity":12,"s:30:8:30:Infinity":13,"s:34:4:34:Infinity":14,"b:34:26:34:53:34:53:34:66":3,"s:38:19:43:Infinity":15,"f:39:2:39:8":3,"s:39:41:39:Infinity":16,"f:40:2:40:9":4,"s:40:40:40:Infinity":17,"f:41:2:41:8":5,"s:41:39:41:Infinity":18,"f:42:2:42:11":6,"s:42:27:42:Infinity":19},"fnNames":{}}}
}
